TN:
SF:src\utils\floorplanGraph.ts
FN:23,(anonymous_0)
FN:38,(anonymous_1)
FN:46,(anonymous_2)
FN:50,(anonymous_3)
FN:71,(anonymous_4)
FN:78,(anonymous_5)
FN:85,(anonymous_6)
FN:92,(anonymous_7)
FN:94,(anonymous_8)
FN:111,(anonymous_9)
FN:122,(anonymous_10)
FN:126,(anonymous_11)
FN:142,(anonymous_12)
FN:149,(anonymous_13)
FN:156,(anonymous_14)
FN:163,(anonymous_15)
FN:165,(anonymous_16)
FN:176,(anonymous_17)
FN:191,(anonymous_18)
FN:208,(anonymous_19)
FN:215,(anonymous_20)
FN:224,(anonymous_21)
FN:236,(anonymous_22)
FN:243,(anonymous_23)
FN:250,(anonymous_24)
FN:257,(anonymous_25)
FN:261,(anonymous_26)
FN:272,(anonymous_27)
FN:287,(anonymous_28)
FN:306,(anonymous_29)
FN:309,(anonymous_30)
FN:322,(anonymous_31)
FN:342,(anonymous_32)
FN:372,(anonymous_33)
FN:416,(anonymous_34)
FN:423,(anonymous_35)
FN:475,(anonymous_36)
FN:482,(anonymous_37)
FN:497,(anonymous_38)
FN:498,(anonymous_39)
FN:532,(anonymous_40)
FN:537,(anonymous_41)
FN:555,(anonymous_42)
FN:557,(anonymous_43)
FN:571,(anonymous_44)
FN:588,(anonymous_45)
FN:601,(anonymous_46)
FN:612,(anonymous_47)
FN:623,(anonymous_48)
FN:638,(anonymous_49)
FN:643,(anonymous_50)
FN:644,(anonymous_51)
FN:645,(anonymous_52)
FN:654,(anonymous_53)
FN:658,(anonymous_54)
FN:663,(anonymous_55)
FN:680,(anonymous_56)
FN:687,(anonymous_57)
FN:689,(anonymous_58)
FN:701,(anonymous_59)
FN:705,(anonymous_60)
FN:715,(anonymous_61)
FN:716,(anonymous_62)
FN:731,(anonymous_63)
FN:734,(anonymous_64)
FN:735,(anonymous_65)
FN:741,(anonymous_66)
FN:748,createEmptyGraph
FN:755,createGraphFromData
FNF:69
FNH:33
FNDA:39,(anonymous_0)
FNDA:122,(anonymous_1)
FNDA:3,(anonymous_2)
FNDA:1,(anonymous_3)
FNDA:4,(anonymous_4)
FNDA:10,(anonymous_5)
FNDA:0,(anonymous_6)
FNDA:0,(anonymous_7)
FNDA:0,(anonymous_8)
FNDA:112,(anonymous_9)
FNDA:3,(anonymous_10)
FNDA:2,(anonymous_11)
FNDA:3,(anonymous_12)
FNDA:12,(anonymous_13)
FNDA:0,(anonymous_14)
FNDA:0,(anonymous_15)
FNDA:0,(anonymous_16)
FNDA:0,(anonymous_17)
FNDA:169,(anonymous_18)
FNDA:0,(anonymous_19)
FNDA:0,(anonymous_20)
FNDA:0,(anonymous_21)
FNDA:0,(anonymous_22)
FNDA:24,(anonymous_23)
FNDA:0,(anonymous_24)
FNDA:39,(anonymous_25)
FNDA:73,(anonymous_26)
FNDA:40,(anonymous_27)
FNDA:165,(anonymous_28)
FNDA:40,(anonymous_29)
FNDA:165,(anonymous_30)
FNDA:40,(anonymous_31)
FNDA:112,(anonymous_32)
FNDA:401,(anonymous_33)
FNDA:1308,(anonymous_34)
FNDA:2652,(anonymous_35)
FNDA:2086,(anonymous_36)
FNDA:1306,(anonymous_37)
FNDA:72,(anonymous_38)
FNDA:40,(anonymous_39)
FNDA:112,(anonymous_40)
FNDA:40,(anonymous_41)
FNDA:0,(anonymous_42)
FNDA:0,(anonymous_43)
FNDA:0,(anonymous_44)
FNDA:0,(anonymous_45)
FNDA:0,(anonymous_46)
FNDA:2,(anonymous_47)
FNDA:0,(anonymous_48)
FNDA:39,(anonymous_49)
FNDA:0,(anonymous_50)
FNDA:0,(anonymous_51)
FNDA:0,(anonymous_52)
FNDA:0,(anonymous_53)
FNDA:0,(anonymous_54)
FNDA:0,(anonymous_55)
FNDA:0,(anonymous_56)
FNDA:0,(anonymous_57)
FNDA:0,(anonymous_58)
FNDA:0,(anonymous_59)
FNDA:0,(anonymous_60)
FNDA:0,(anonymous_61)
FNDA:0,(anonymous_62)
FNDA:1,(anonymous_63)
FNDA:0,(anonymous_64)
FNDA:0,(anonymous_65)
FNDA:0,(anonymous_66)
FNDA:0,createEmptyGraph
FNDA:0,createGraphFromData
DA:28,39
DA:29,39
DA:30,39
DA:39,122
DA:47,3
DA:50,3
DA:51,1
DA:52,1
DA:53,1
DA:58,3
DA:61,3
DA:62,1
DA:65,3
DA:72,4
DA:79,10
DA:86,0
DA:93,0
DA:94,0
DA:95,0
DA:96,0
DA:97,0
DA:98,0
DA:99,0
DA:102,0
DA:112,112
DA:115,112
DA:123,3
DA:126,3
DA:127,2
DA:128,2
DA:129,2
DA:134,3
DA:136,3
DA:143,3
DA:150,12
DA:157,0
DA:164,0
DA:165,0
DA:166,0
DA:167,0
DA:170,0
DA:177,0
DA:178,0
DA:182,0
DA:185,0
DA:192,169
DA:193,574
DA:197,168
DA:200,1
DA:209,0
DA:216,0
DA:217,0
DA:218,0
DA:225,0
DA:226,0
DA:228,0
DA:229,0
DA:230,0
DA:237,0
DA:244,24
DA:251,0
DA:258,39
DA:259,22
DA:260,22
DA:261,73
DA:262,16
DA:266,23
DA:273,40
DA:276,40
DA:277,40
DA:278,165
DA:279,165
DA:281,165
DA:282,165
DA:283,165
DA:287,165
DA:288,40
DA:289,40
DA:292,40
DA:294,39
DA:307,40
DA:308,40
DA:309,40
DA:310,165
DA:311,165
DA:313,40
DA:323,40
DA:325,40
DA:326,40
DA:327,165
DA:328,165
DA:329,165
DA:331,40
DA:343,112
DA:344,112
DA:347,112
DA:349,389
DA:350,778
DA:351,778
DA:354,401
DA:356,401
DA:358,72
DA:359,40
DA:365,112
DA:373,401
DA:374,401
DA:375,401
DA:376,401
DA:377,401
DA:379,401
DA:381,1308
DA:384,1308
DA:388,1308
DA:390,1308
DA:392,310
DA:396,998
DA:397,998
DA:399,998
DA:400,998
DA:402,19
DA:403,19
DA:409,72
DA:417,1308
DA:418,1308
DA:420,1308
DA:423,2652
DA:425,1306
DA:426,998
DA:429,277
DA:435,277
DA:436,277
DA:438,277
DA:439,625
DA:440,625
DA:443,625
DA:450,625
DA:454,625
DA:457,625
DA:458,625
DA:461,625
DA:463,625
DA:464,440
DA:465,440
DA:469,277
DA:476,2086
DA:483,1306
DA:484,1306
DA:485,8226
DA:486,1427
DA:487,6799
DA:488,1225
DA:491,1306
DA:498,72
DA:499,40
DA:502,40
DA:504,126
DA:505,126
DA:506,161
DA:507,126
DA:508,126
DA:511,126
DA:514,126
DA:515,126
DA:516,228
DA:517,94
DA:518,94
DA:521,126
DA:524,8
DA:534,112
DA:535,112
DA:537,112
DA:538,40
DA:539,40
DA:541,39
DA:542,39
DA:543,23
DA:544,23
DA:549,112
DA:556,0
DA:557,0
DA:558,0
DA:559,0
DA:562,0
DA:572,0
DA:578,0
DA:579,0
DA:580,0
DA:582,0
DA:593,0
DA:594,0
DA:595,0
DA:602,0
DA:613,2
DA:628,0
DA:643,0
DA:644,0
DA:645,0
DA:646,0
DA:655,0
DA:658,0
DA:659,0
DA:663,0
DA:664,0
DA:665,0
DA:667,0
DA:668,0
DA:670,0
DA:671,0
DA:674,0
DA:681,0
DA:688,0
DA:689,0
DA:690,0
DA:691,0
DA:694,0
DA:702,0
DA:705,0
DA:706,0
DA:707,0
DA:709,0
DA:710,0
DA:715,0
DA:716,0
DA:717,0
DA:718,0
DA:723,0
DA:732,1
DA:734,1
DA:735,0
DA:736,0
DA:737,0
DA:741,1
DA:749,0
DA:760,0
LF:234
LH:152
BRDA:28,0,0,2
BRDA:28,0,1,37
BRDA:29,1,0,2
BRDA:29,1,1,37
BRDA:30,2,0,2
BRDA:30,2,1,37
BRDA:51,3,0,1
BRDA:51,3,1,0
BRDA:51,4,0,1
BRDA:51,4,1,0
BRDA:61,5,0,1
BRDA:61,5,1,2
BRDA:98,6,0,0
BRDA:98,6,1,0
BRDA:127,7,0,2
BRDA:127,7,1,0
BRDA:166,8,0,0
BRDA:166,8,1,0
BRDA:166,9,0,0
BRDA:166,9,1,0
BRDA:178,10,0,0
BRDA:178,10,1,0
BRDA:179,11,0,0
BRDA:179,11,1,0
BRDA:179,11,2,0
BRDA:179,11,3,0
BRDA:193,12,0,168
BRDA:193,12,1,406
BRDA:194,13,0,574
BRDA:194,13,1,164
BRDA:194,13,2,426
BRDA:194,13,3,66
BRDA:226,14,0,0
BRDA:226,14,1,0
BRDA:259,15,0,22
BRDA:259,15,1,0
BRDA:261,16,0,16
BRDA:261,16,1,6
BRDA:273,17,0,0
BRDA:273,17,1,40
BRDA:282,18,0,0
BRDA:282,18,1,165
BRDA:292,19,0,1
BRDA:292,19,1,39
BRDA:323,20,0,0
BRDA:323,20,1,40
BRDA:351,21,0,377
BRDA:351,21,1,401
BRDA:356,22,0,72
BRDA:356,22,1,329
BRDA:356,23,0,401
BRDA:356,23,1,72
BRDA:358,24,0,40
BRDA:358,24,1,32
BRDA:390,25,0,310
BRDA:390,25,1,998
BRDA:400,26,0,19
BRDA:400,26,1,979
BRDA:409,27,0,72
BRDA:409,27,1,0
BRDA:420,28,0,2
BRDA:420,28,1,1306
BRDA:420,29,0,1308
BRDA:420,29,1,1306
BRDA:425,30,0,308
BRDA:425,30,1,998
BRDA:426,31,0,721
BRDA:426,31,1,277
BRDA:440,32,0,0
BRDA:440,32,1,625
BRDA:463,33,0,440
BRDA:463,33,1,185
BRDA:485,34,0,1427
BRDA:485,34,1,6799
BRDA:487,35,0,1225
BRDA:487,35,1,5574
BRDA:499,36,0,0
BRDA:499,36,1,40
BRDA:506,37,0,126
BRDA:506,37,1,35
BRDA:511,38,0,0
BRDA:511,38,1,126
BRDA:516,39,0,94
BRDA:516,39,1,134
BRDA:521,40,0,32
BRDA:521,40,1,94
BRDA:539,41,0,39
BRDA:539,41,1,1
BRDA:542,42,0,23
BRDA:542,42,1,16
BRDA:558,43,0,0
BRDA:558,43,1,0
BRDA:664,44,0,0
BRDA:664,44,1,0
BRDA:665,45,0,0
BRDA:665,45,1,0
BRDA:690,46,0,0
BRDA:690,46,1,0
BRDA:706,47,0,0
BRDA:706,47,1,0
BRDA:709,48,0,0
BRDA:709,48,1,0
BRDA:717,49,0,0
BRDA:717,49,1,0
BRDA:736,50,0,0
BRDA:736,50,1,0
BRF:106
BRH:65
end_of_record
TN:
SF:src\utils\geometry.ts
FN:8,(anonymous_0)
FN:17,(anonymous_1)
FN:28,(anonymous_2)
FN:39,(anonymous_3)
FN:50,(anonymous_4)
FN:70,(anonymous_5)
FN:78,(anonymous_6)
FN:122,(anonymous_7)
FNF:8
FNH:1
FNDA:0,(anonymous_0)
FNDA:0,(anonymous_1)
FNDA:0,(anonymous_2)
FNDA:0,(anonymous_3)
FNDA:0,(anonymous_4)
FNDA:39,(anonymous_5)
FNDA:0,(anonymous_6)
FNDA:0,(anonymous_7)
DA:8,1
DA:9,0
DA:10,0
DA:11,0
DA:17,1
DA:18,0
DA:28,1
DA:33,0
DA:39,1
DA:40,0
DA:50,1
DA:56,0
DA:57,0
DA:59,0
DA:61,0
DA:64,0
DA:70,1
DA:71,39
DA:78,1
DA:83,0
DA:84,0
DA:87,0
DA:88,0
DA:96,0
DA:105,0
DA:111,0
DA:122,1
DA:128,0
DA:132,0
LF:29
LH:9
BRDA:57,0,0,0
BRDA:57,0,1,0
BRDA:64,1,0,0
BRDA:64,1,1,0
BRDA:64,1,2,0
BRDA:64,1,3,0
BRDA:87,2,0,0
BRDA:87,2,1,0
BRDA:87,3,0,0
BRDA:87,3,1,0
BRDA:126,4,0,0
BRDA:132,5,0,0
BRDA:132,5,1,0
BRDA:132,5,2,0
BRF:14
BRH:0
end_of_record
